Found 316 images to process
============================================================
[1/316] ⏭️  card-back.png (already exists)
[2/316] ⏭️  6-of-wands.png (already exists)
[3/316] ⏭️  7-of-wands.png (already exists)
[4/316] ⏭️  king-of-wands.png (already exists)
[5/316] ⏭️  queen-of-wands.png (already exists)
[6/316] ⏭️  ace-of-wands.png (already exists)
[7/316] ⏭️  9-of-wands.png (already exists)
[8/316] ⏭️  knight-of-wands.png (already exists)
[9/316] ⏭️  8-of-wands.png (already exists)
[10/316] ⏭️  2-of-wands.png (already exists)
[11/316] ⏭️  5-of-wands.png (already exists)
[12/316] ⏭️  4-of-wands.png (already exists)
[13/316] ⏭️  3-of-wands.png (already exists)
[14/316] ⏭️  10-of-wands.png (already exists)
[15/316] ⏭️  page-of-wands.png (already exists)
[16/316] ⏭️  queen-of-swords.png (already exists)
[17/316] ⏭️  8-of-swords.png (already exists)
[18/316] ⏭️  knight-of-swords.png (already exists)
[19/316] ⏭️  10-of-swords.png (already exists)
[20/316] ⏭️  page-of-swords.png (already exists)
[21/316] ⏭️  2-of-swords.png (already exists)
[22/316] ⏭️  6-of-swords.png (already exists)
[23/316] ⏭️  5-of-swords.png (already exists)
[24/316] ⏭️  4-of-swords.png (already exists)
[25/316] ⏭️  king-of-swords.png (already exists)
[26/316] ⏭️  7-of-swords.png (already exists)
[27/316] ⏭️  3-of-swords.png (already exists)
[28/316] ⏭️  9-of-swords.png (already exists)
[29/316] ⏭️  ace-of-swords.png (already exists)
[30/316] ⏭️  2-of-pentacles.png (already exists)
[31/316] ⏭️  9-of-pentacles.png (already exists)
[32/316] ⏭️  king-of-pentacles.png (already exists)
[33/316] ⏭️  6-of-pentacles.png (already exists)
[34/316] ✅ knight-of-pentacles.png
        678KB → 79KB (88.3% smaller)
[35/316] ✅ 3-of-pentacles.png
        734KB → 106KB (85.4% smaller)
[36/316] ✅ page-of-pentacles.png
        700KB → 86KB (87.7% smaller)
[37/316] ✅ 8-of-pentacles.png
        733KB → 107KB (85.4% smaller)
[38/316] ✅ 7-of-pentacles.png
        757KB → 115KB (84.7% smaller)
[39/316] ✅ ace-of-pentacles.png
        725KB → 109KB (84.8% smaller)
[40/316] ✅ 10-of-pentacles.png
        779KB → 122KB (84.3% smaller)
[41/316] ✅ 4-of-pentacles.png
        680KB → 95KB (86.0% smaller)
[42/316] ✅ queen-of-pentacles.png
        792KB → 129KB (83.7% smaller)
[43/316] ✅ 5-of-pentacles.png
        753KB → 118KB (84.3% smaller)
[44/316] ✅ 2-of-cups.png
        748KB → 115KB (84.6% smaller)
[45/316] ✅ page-of-cups.png
        733KB → 114KB (84.4% smaller)
[46/316] ✅ ace-of-cups.png
        738KB → 116KB (84.2% smaller)
[47/316] ✅ king-of-cups.png
        756KB → 117KB (84.4% smaller)
[48/316] ✅ 7-of-cups.png
        712KB → 99KB (86.0% smaller)
[49/316] ✅ 10-of-cups.png
        779KB → 119KB (84.7% smaller)
[50/316] ✅ 4-of-cups.png
        747KB → 102KB (86.3% smaller)
[51/316] ✅ 8-of-cups.png
        709KB → 95KB (86.5% smaller)
[52/316] ✅ 6-of-cups.png
        783KB → 126KB (83.9% smaller)
[53/316] ✅ queen-of-cups.png
        738KB → 107KB (85.4% smaller)
[54/316] ✅ 3-of-cups.png
        758KB → 108KB (85.7% smaller)
[55/316] ✅ knight-of-cups.png
        761KB → 117KB (84.6% smaller)
[56/316] ✅ 9-of-cups.png
        715KB → 102KB (85.7% smaller)
[57/316] ✅ 5-of-cups.png
        647KB → 71KB (88.9% smaller)
[58/316] ✅ 10-wheel-of-fortune.png
        782KB → 127KB (83.8% smaller)
[59/316] ✅ 00-the-fool.png
        754KB → 109KB (85.5% smaller)
[60/316] ✅ 03-the-empress.png
        795KB → 134KB (83.1% smaller)
[61/316] ✅ 12-the-hanged-man.png
        705KB → 123KB (82.5% smaller)
[62/316] ✅ 09-the-hermit.png
        653KB → 80KB (87.6% smaller)
[63/316] ✅ 20-judgement.png
        759KB → 114KB (84.9% smaller)
[64/316] ✅ 14-temperance.png
        790KB → 139KB (82.4% smaller)
[65/316] ✅ 21-the-world.png
        779KB → 116KB (85.1% smaller)
[66/316] ✅ 08-strength.png
        714KB → 94KB (86.8% smaller)
[67/316] ✅ 11-justice.png
        753KB → 113KB (84.9% smaller)
[68/316] ✅ 17-the-star.png
        732KB → 100KB (86.3% smaller)
[69/316] ✅ 13-death.png
        769KB → 122KB (84.1% smaller)
[70/316] ✅ 15-the-devil.png
        679KB → 92KB (86.4% smaller)
[71/316] ✅ 16-the-tower.png
        683KB → 89KB (86.9% smaller)
[72/316] ✅ 05-the-hierophant.png
        751KB → 117KB (84.4% smaller)
[73/316] ✅ 19-the-sun.png
        774KB → 121KB (84.3% smaller)
[74/316] ✅ 18-the-moon.png
        739KB → 105KB (85.7% smaller)
[75/316] ✅ 07-the-chariot.png
        745KB → 109KB (85.3% smaller)
[76/316] ✅ 06-the-lovers.png
        792KB → 126KB (84.1% smaller)
[77/316] ✅ 02-the-high-priestess.png
        742KB → 103KB (86.1% smaller)
[78/316] ✅ 01-the-magician.png
        707KB → 94KB (86.6% smaller)
[79/316] ✅ 04-the-emperor.png
        767KB → 115KB (84.9% smaller)
[80/316] ✅ 53-three-of-swords.png
        538KB → 12KB (97.7% smaller)
[81/316] ✅ 15-temperance.png
        270KB → 11KB (95.8% smaller)
[82/316] ✅ 27-five-of-wands.png
        313KB → 11KB (96.4% smaller)
[83/316] ✅ 32-ten-of-wands.png
        246KB → 11KB (95.2% smaller)
[84/316] ✅ 43-seven-of-cups.png
        350KB → 16KB (95.4% smaller)
[85/316] ✅ 04-the-empress.png
        250KB → 12KB (95.0% smaller)
[86/316] ✅ 37-ace-of-cups.png
        387KB → 11KB (97.0% smaller)
[87/316] ✅ 76-knight-of-pentacles.png
        309KB → 17KB (94.4% smaller)
[88/316] ✅ 47-page-of-cups.png
        297KB → 17KB (94.2% smaller)
[89/316] ✅ 74-ten-of-pentacles.png
        338KB → 21KB (93.7% smaller)
[90/316] ✅ 77-queen-of-pentacles.png
        404KB → 16KB (95.9% smaller)
[91/316] ✅ 45-nine-of-cups.png
        305KB → 16KB (94.5% smaller)
[92/316] ✅ 29-seven-of-wands.png
        314KB → 12KB (96.0% smaller)
[93/316] ✅ 02-the-magician.png
        261KB → 13KB (95.0% smaller)
[94/316] ✅ 23-ace-of-wands.png
        331KB → 11KB (96.4% smaller)
[95/316] ✅ 49-queen-of-cups.png
        354KB → 16KB (95.2% smaller)
[96/316] ✅ 12-justice.png
        369KB → 10KB (97.2% smaller)
[97/316] ✅ 38-two-of-cups.png
        389KB → 10KB (97.2% smaller)
[98/316] ✅ 63-queen-of-swords.png
        560KB → 16KB (97.0% smaller)
[99/316] ✅ 01-the-fool.png
        272KB → 11KB (95.9% smaller)
[100/316] ✅ 41-five-of-cups.png
        340KB → 13KB (95.9% smaller)
[101/316] ✅ 35-queen-of-wands.png
        336KB → 15KB (95.3% smaller)
[102/316] ✅ 11-wheel-of-fortune.png
        405KB → 16KB (96.0% smaller)
[103/316] ✅ 75-page-of-pentacles.png
        311KB → 16KB (94.6% smaller)
[104/316] ✅ 55-five-of-swords.png
        543KB → 13KB (97.6% smaller)
[105/316] ✅ 17-the-tower.png
        219KB → 12KB (94.2% smaller)
[106/316] ✅ 10-the-hermit.png
        273KB → 10KB (96.2% smaller)
[107/316] ✅ 51-ace-of-swords.png
        545KB → 12KB (97.8% smaller)
[108/316] ✅ 20-the-sun.png
        275KB → 10KB (96.2% smaller)
[109/316] ✅ 54-four-of-swords.png
        541KB → 12KB (97.7% smaller)
[110/316] ✅ 64-king-of-swords.png
        520KB → 15KB (96.9% smaller)
[111/316] ✅ 33-page-of-wands.png
        280KB → 15KB (94.3% smaller)
[112/316] ✅ 28-six-of-wands.png
        242KB → 11KB (95.3% smaller)
[113/316] ✅ 72-eight-of-pentacles.png
        326KB → 20KB (93.7% smaller)
[114/316] ✅ 65-ace-of-pentacles.png
        374KB → 12KB (96.6% smaller)
[115/316] ✅ 09-strength.png
        383KB → 12KB (96.9% smaller)
[116/316] ✅ 22-the-world.png
        259KB → 13KB (94.8% smaller)
[117/316] ✅ 46-ten-of-cups.png
        318KB → 17KB (94.4% smaller)
[118/316] ✅ 62-knight-of-swords.png
        525KB → 16KB (96.8% smaller)
[119/316] ✅ 71-seven-of-pentacles.png
        411KB → 19KB (95.2% smaller)
[120/316] ✅ card-back.png
        320KB → 64KB (79.9% smaller)
[121/316] ✅ 30-eight-of-wands.png
        247KB → 13KB (94.7% smaller)
[122/316] ✅ 52-two-of-swords.png
        538KB → 11KB (97.8% smaller)
[123/316] ✅ 66-two-of-pentacles.png
        380KB → 13KB (96.4% smaller)
[124/316] ✅ 24-two-of-wands.png
        339KB → 10KB (96.9% smaller)
[125/316] ✅ 03-the-high-priestess.png
        236KB → 15KB (93.5% smaller)
[126/316] ✅ 06-the-hierophant.png
        269KB → 13KB (94.9% smaller)
[127/316] ✅ 39-three-of-cups.png
        385KB → 12KB (96.8% smaller)
[128/316] ✅ 42-six-of-cups.png
        298KB → 14KB (95.3% smaller)
[129/316] ✅ 16-the-devil.png
        222KB → 10KB (95.4% smaller)
[130/316] ✅ 69-five-of-pentacles.png
        399KB → 17KB (95.6% smaller)
[131/316] ✅ 19-the-moon.png
        316KB → 12KB (96.0% smaller)
[132/316] ✅ 05-the-emperor.png
        352KB → 14KB (95.8% smaller)
[133/316] ✅ 70-six-of-pentacles.png
        307KB → 18KB (94.1% smaller)
[134/316] ✅ 34-knight-of-wands.png
        272KB → 16KB (94.1% smaller)
[135/316] ✅ 36-king-of-wands.png
        268KB → 14KB (94.5% smaller)
[136/316] ✅ 26-four-of-wands.png
        341KB → 11KB (96.7% smaller)
[137/316] ✅ 68-four-of-pentacles.png
        394KB → 15KB (96.0% smaller)
[138/316] ✅ 56-six-of-swords.png
        504KB → 13KB (97.4% smaller)
[139/316] ✅ 67-three-of-pentacles.png
        380KB → 15KB (96.0% smaller)
[140/316] ✅ 40-four-of-cups.png
        397KB → 12KB (96.8% smaller)
[141/316] ✅ 60-ten-of-swords.png
        507KB → 13KB (97.2% smaller)
[142/316] ✅ 57-seven-of-swords.png
        544KB → 14KB (97.4% smaller)
[143/316] ✅ 61-page-of-swords.png
        525KB → 16KB (96.9% smaller)
[144/316] ✅ 07-the-lovers.png
        350KB → 10KB (97.1% smaller)
[145/316] ✅ 59-nine-of-swords.png
        513KB → 14KB (97.2% smaller)
[146/316] ✅ 21-judgement.png
        352KB → 10KB (97.1% smaller)
[147/316] ✅ 13-the-hanged-man.png
        344KB → 11KB (96.7% smaller)
[148/316] ✅ 78-king-of-pentacles.png
        306KB → 16KB (94.7% smaller)
[149/316] ✅ 44-eight-of-cups.png
        311KB → 16KB (94.6% smaller)
[150/316] ✅ 50-king-of-cups.png
        306KB → 16KB (94.7% smaller)
[151/316] ✅ 18-the-star.png
        138KB → 8KB (93.6% smaller)
[152/316] ✅ 31-nine-of-wands.png
        253KB → 12KB (95.1% smaller)
[153/316] ✅ 14-death.png
        254KB → 10KB (95.9% smaller)
[154/316] ✅ 73-nine-of-pentacles.png
        336KB → 21KB (93.6% smaller)
[155/316] ✅ 58-eight-of-swords.png
        512KB → 14KB (97.1% smaller)
[156/316] ✅ 48-knight-of-cups.png
        309KB → 17KB (94.4% smaller)
[157/316] ✅ 25-three-of-wands.png
        320KB → 11KB (96.5% smaller)
[158/316] ✅ 08-the-chariot.png
        238KB → 10KB (95.4% smaller)
[159/316] ✅ 53-three-of-swords.png
        21KB → 5KB (74.3% smaller)
[160/316] ✅ 15-temperance.png
        34KB → 12KB (64.5% smaller)
[161/316] ✅ 41-five-of-wands.png
        20KB → 5KB (75.0% smaller)
[162/316] ✅ 32-ten-of-cups.png
        20KB → 7KB (66.0% smaller)
[163/316] ✅ 04-the-empress.png
        36KB → 13KB (63.4% smaller)
[164/316] ✅ 44-eight-of-wands.png
        21KB → 5KB (73.0% smaller)
[165/316] ✅ 76-knight-of-pentacles.png
        31KB → 11KB (65.0% smaller)
[166/316] ✅ 39-three-of-wands.png
        20KB → 5KB (74.9% smaller)
[167/316] ✅ 74-ten-of-pentacles.png
        27KB → 9KB (64.0% smaller)
[168/316] ✅ 77-queen-of-pentacles.png
        34KB → 11KB (66.0% smaller)
[169/316] ✅ 26-four-of-cups.png
        19KB → 5KB (71.0% smaller)
[170/316] ✅ 34-knight-of-cups.png
        29KB → 10KB (66.0% smaller)
[171/316] ✅ 02-the-magician.png
        30KB → 14KB (54.2% smaller)
[172/316] ✅ 12-justice.png
        28KB → 10KB (63.8% smaller)
[173/316] ✅ 63-queen-of-swords.png
        33KB → 10KB (68.7% smaller)
[174/316] ✅ 37-ace-of-wands.png
        20KB → 4KB (77.7% smaller)
[175/316] ✅ 01-the-fool.png
        25KB → 9KB (63.1% smaller)
[176/316] ✅ 36-king-of-cups.png
        27KB → 9KB (67.4% smaller)
[177/316] ✅ 42-six-of-wands.png
        21KB → 5KB (74.8% smaller)
[178/316] ✅ 45-nine-of-wands.png
        20KB → 5KB (72.7% smaller)
[179/316] ✅ 30-eight-of-cups.png
        20KB → 6KB (67.9% smaller)
[180/316] ✅ 11-wheel-of-fortune.png
        52KB → 21KB (58.9% smaller)
[181/316] ✅ 75-page-of-pentacles.png
        33KB → 11KB (66.4% smaller)
[182/316] ✅ 35-queen-of-cups.png
        31KB → 10KB (66.3% smaller)
[183/316] ✅ 55-five-of-swords.png
        21KB → 5KB (73.0% smaller)
[184/316] ✅ 17-the-tower.png
        24KB → 10KB (59.6% smaller)
[185/316] ✅ 38-two-of-wands.png
        20KB → 4KB (76.7% smaller)
[186/316] ✅ 10-the-hermit.png
        29KB → 9KB (68.9% smaller)
[187/316] ✅ 51-ace-of-swords.png
        21KB → 4KB (78.7% smaller)
[188/316] ✅ 20-the-sun.png
        35KB → 13KB (60.4% smaller)
[189/316] ✅ 54-four-of-swords.png
        21KB → 5KB (74.1% smaller)
[190/316] ✅ 64-king-of-swords.png
        28KB → 8KB (69.8% smaller)
[191/316] ✅ 46-ten-of-wands.png
        20KB → 5KB (72.7% smaller)
[192/316] ✅ 72-eight-of-pentacles.png
        26KB → 9KB (65.5% smaller)
[193/316] ✅ 65-ace-of-pentacles.png
        22KB → 5KB (74.4% smaller)
[194/316] ✅ 09-strength.png
        32KB → 13KB (58.8% smaller)
[195/316] ✅ 22-the-world.png
        35KB → 13KB (62.2% smaller)
[196/316] ✅ 33-page-of-cups.png
        30KB → 9KB (67.6% smaller)
[197/316] ✅ 48-knight-of-wands.png
        29KB → 10KB (65.1% smaller)
[198/316] ✅ 31-nine-of-cups.png
        20KB → 6KB (66.7% smaller)
[199/316] ✅ 62-knight-of-swords.png
        30KB → 9KB (68.5% smaller)
[200/316] ✅ 71-seven-of-pentacles.png
        27KB → 8KB (67.4% smaller)
[201/316] ✅ card-back.png
        320KB → 64KB (79.9% smaller)
[202/316] ✅ 43-seven-of-wands.png
        22KB → 5KB (73.7% smaller)
[203/316] ✅ 52-two-of-swords.png
        21KB → 4KB (76.9% smaller)
[204/316] ✅ 66-two-of-pentacles.png
        24KB → 6KB (72.7% smaller)
[205/316] ✅ 03-the-high-priestess.png
        30KB → 11KB (61.0% smaller)
[206/316] ✅ 06-the-hierophant.png
        31KB → 13KB (57.6% smaller)
[207/316] ✅ 16-the-devil.png
        31KB → 10KB (65.5% smaller)
[208/316] ✅ 69-five-of-pentacles.png
        26KB → 8KB (68.1% smaller)
[209/316] ✅ 19-the-moon.png
        30KB → 10KB (66.5% smaller)
[210/316] ✅ 49-queen-of-wands.png
        31KB → 10KB (66.0% smaller)
[211/316] ✅ 05-the-emperor.png
        25KB → 8KB (66.3% smaller)
[212/316] ✅ 25-three-of-cups.png
        20KB → 5KB (73.6% smaller)
[213/316] ✅ 70-six-of-pentacles.png
        27KB → 9KB (66.4% smaller)
[214/316] ✅ 50-king-of-wands.png
        27KB → 9KB (66.4% smaller)
[215/316] ✅ 40-four-of-wands.png
        19KB → 5KB (74.5% smaller)
[216/316] ✅ 68-four-of-pentacles.png
        24KB → 7KB (68.8% smaller)
[217/316] ✅ 56-six-of-swords.png
        22KB → 6KB (71.8% smaller)
[218/316] ✅ 67-three-of-pentacles.png
        26KB → 7KB (70.7% smaller)
[219/316] ✅ 23-ace-of-cups.png
        19KB → 4KB (78.4% smaller)
[220/316] ✅ 47-page-of-wands.png
        30KB → 10KB (66.7% smaller)
[221/316] ✅ 24-two-of-cups.png
        19KB → 4KB (75.4% smaller)
[222/316] ✅ 60-ten-of-swords.png
        22KB → 6KB (70.1% smaller)
[223/316] ✅ 57-seven-of-swords.png
        22KB → 6KB (71.5% smaller)
[224/316] ✅ 61-page-of-swords.png
        31KB → 9KB (70.1% smaller)
[225/316] ✅ 07-the-lovers.png
        31KB → 12KB (59.9% smaller)
[226/316] ✅ 59-nine-of-swords.png
        22KB → 6KB (70.4% smaller)
[227/316] ✅ 21-judgement.png
        33KB → 13KB (59.9% smaller)
[228/316] ✅ 28-six-of-cups.png
        20KB → 6KB (69.3% smaller)
[229/316] ✅ 13-the-hanged-man.png
        29KB → 11KB (61.1% smaller)
[230/316] ✅ 78-king-of-pentacles.png
        30KB → 10KB (66.4% smaller)
[231/316] ✅ 18-the-star.png
        29KB → 10KB (65.5% smaller)
[232/316] ✅ 27-five-of-cups.png
        20KB → 5KB (71.0% smaller)
[233/316] ✅ 14-death.png
        31KB → 10KB (65.7% smaller)
[234/316] ✅ 29-seven-of-cups.png
        21KB → 6KB (69.7% smaller)
[235/316] ✅ 73-nine-of-pentacles.png
        26KB → 9KB (64.2% smaller)
[236/316] ✅ 58-eight-of-swords.png
        22KB → 6KB (70.8% smaller)
[237/316] ✅ 08-the-chariot.png
        30KB → 12KB (59.2% smaller)
[238/316] ✅ 53-three-of-swords.png
        187KB → 9KB (94.8% smaller)
[239/316] ✅ 15-temperance.png
        141KB → 5KB (95.9% smaller)
[240/316] ✅ 27-five-of-wands.png
        164KB → 8KB (95.1% smaller)
[241/316] ✅ 32-ten-of-wands.png
        191KB → 14KB (92.7% smaller)
[242/316] ✅ 43-seven-of-cups.png
        171KB → 10KB (93.9% smaller)
[243/316] ✅ 04-the-empress.png
        145KB → 6KB (95.6% smaller)
[244/316] ✅ 37-ace-of-cups.png
        159KB → 5KB (96.8% smaller)
[245/316] ✅ 76-knight-of-pentacles.png
        164KB → 7KB (95.5% smaller)
[246/316] ✅ 47-page-of-cups.png
        163KB → 6KB (95.8% smaller)
[247/316] ✅ 74-ten-of-pentacles.png
        189KB → 13KB (92.9% smaller)
[248/316] ✅ 77-queen-of-pentacles.png
        156KB → 6KB (95.6% smaller)
[249/316] ✅ 45-nine-of-cups.png
        155KB → 10KB (93.4% smaller)
[250/316] ✅ 29-seven-of-wands.png
        195KB → 12KB (93.4% smaller)
[251/316] ✅ 02-the-magician.png
        148KB → 9KB (93.7% smaller)
[252/316] ✅ 23-ace-of-wands.png
        158KB → 6KB (95.7% smaller)
[253/316] ✅ 49-queen-of-cups.png
        157KB → 6KB (95.9% smaller)
[254/316] ✅ 12-justice.png
        149KB → 5KB (96.6% smaller)
[255/316] ✅ 38-two-of-cups.png
        160KB → 6KB (96.1% smaller)
[256/316] ✅ 63-queen-of-swords.png
        163KB → 7KB (95.4% smaller)
[257/316] ✅ 01-the-fool.png
        141KB → 5KB (96.0% smaller)
[258/316] ✅ 41-five-of-cups.png
        167KB → 8KB (95.1% smaller)
[259/316] ✅ 35-queen-of-wands.png
        155KB → 6KB (95.6% smaller)
[260/316] ✅ 11-wheel-of-fortune.png
        184KB → 9KB (94.6% smaller)
[261/316] ✅ 75-page-of-pentacles.png
        161KB → 7KB (95.4% smaller)
[262/316] ✅ 55-five-of-swords.png
        167KB → 9KB (94.1% smaller)
[263/316] ✅ 17-the-tower.png
        151KB → 5KB (96.3% smaller)
[264/316] ✅ 10-the-hermit.png
        151KB → 6KB (96.0% smaller)
[265/316] ✅ 51-ace-of-swords.png
        162KB → 6KB (96.1% smaller)
[266/316] ✅ 20-the-sun.png
        140KB → 6KB (95.6% smaller)
[267/316] ✅ 54-four-of-swords.png
        170KB → 9KB (94.6% smaller)
[268/316] ✅ 64-king-of-swords.png
        162KB → 7KB (95.2% smaller)
[269/316] ✅ 33-page-of-wands.png
        163KB → 7KB (95.4% smaller)
[270/316] ✅ 28-six-of-wands.png
        196KB → 11KB (94.3% smaller)
[271/316] ✅ 72-eight-of-pentacles.png
        162KB → 10KB (93.3% smaller)
[272/316] ✅ 65-ace-of-pentacles.png
        192KB → 8KB (95.8% smaller)
[273/316] ✅ 09-strength.png
        147KB → 5KB (96.2% smaller)
[274/316] ✅ 22-the-world.png
        151KB → 8KB (94.2% smaller)
[275/316] ✅ 46-ten-of-cups.png
        171KB → 10KB (93.7% smaller)
[276/316] ✅ 62-knight-of-swords.png
        156KB → 7KB (95.5% smaller)
[277/316] ✅ 71-seven-of-pentacles.png
        166KB → 10KB (93.6% smaller)
[278/316] ✅ card-back.png
        320KB → 64KB (79.9% smaller)
[279/316] ✅ 30-eight-of-wands.png
        192KB → 12KB (93.3% smaller)
[280/316] ✅ 52-two-of-swords.png
        166KB → 7KB (95.6% smaller)
[281/316] ✅ 66-two-of-pentacles.png
        196KB → 9KB (95.4% smaller)
[282/316] ✅ 24-two-of-wands.png
        161KB → 7KB (95.4% smaller)
[283/316] ✅ 03-the-high-priestess.png
        134KB → 6KB (94.8% smaller)
[284/316] ✅ 06-the-hierophant.png
        148KB → 5KB (96.1% smaller)
[285/316] ✅ 39-three-of-cups.png
        163KB → 7KB (95.2% smaller)
[286/316] ✅ 42-six-of-cups.png
        169KB → 9KB (94.6% smaller)
[287/316] ✅ 16-the-devil.png
        150KB → 6KB (95.7% smaller)
[288/316] ✅ 69-five-of-pentacles.png
        164KB → 8KB (94.6% smaller)
[289/316] ✅ 19-the-moon.png
        151KB → 6KB (96.0% smaller)
[290/316] ✅ 05-the-emperor.png
        131KB → 5KB (95.5% smaller)
[291/316] ✅ 70-six-of-pentacles.png
        168KB → 10KB (94.0% smaller)
[292/316] ✅ 34-knight-of-wands.png
        165KB → 7KB (95.7% smaller)
[293/316] ✅ 36-king-of-wands.png
        192KB → 8KB (95.4% smaller)
[294/316] ✅ 26-four-of-wands.png
        162KB → 8KB (95.1% smaller)
[295/316] ✅ 68-four-of-pentacles.png
        164KB → 8KB (94.7% smaller)
[296/316] ✅ 56-six-of-swords.png
        192KB → 12KB (93.7% smaller)
[297/316] ✅ 67-three-of-pentacles.png
        159KB → 7KB (95.5% smaller)
[298/316] ✅ 40-four-of-cups.png
        162KB → 8KB (95.0% smaller)
[299/316] ✅ 60-ten-of-swords.png
        163KB → 11KB (92.8% smaller)
[300/316] ✅ 57-seven-of-swords.png
        170KB → 11KB (93.2% smaller)
[301/316] ✅ 61-page-of-swords.png
        195KB → 9KB (95.3% smaller)
[302/316] ✅ 07-the-lovers.png
        150KB → 5KB (96.2% smaller)
[303/316] ✅ 59-nine-of-swords.png
        171KB → 12KB (92.8% smaller)
[304/316] ✅ 21-judgement.png
        147KB → 6KB (95.9% smaller)
[305/316] ✅ 13-the-hanged-man.png
        153KB → 6KB (95.9% smaller)
[306/316] ✅ 78-king-of-pentacles.png
        192KB → 9KB (95.3% smaller)
[307/316] ✅ 44-eight-of-cups.png
        156KB → 9KB (93.8% smaller)
[308/316] ✅ 50-king-of-cups.png
        157KB → 6KB (96.0% smaller)
[309/316] ✅ 18-the-star.png
        136KB → 7KB (94.7% smaller)
[310/316] ✅ 31-nine-of-wands.png
        158KB → 11KB (93.0% smaller)
[311/316] ✅ 14-death.png
        146KB → 5KB (96.2% smaller)
[312/316] ✅ 73-nine-of-pentacles.png
        190KB → 14KB (92.6% smaller)
[313/316] ✅ 58-eight-of-swords.png
        172KB → 12KB (93.0% smaller)
[314/316] ✅ 48-knight-of-cups.png
        168KB → 6KB (96.0% smaller)
[315/316] ✅ 25-three-of-wands.png
        165KB → 7KB (95.3% smaller)
[316/316] ✅ 08-the-chariot.png
        167KB → 7KB (95.3% smaller)

============================================================
WebP Conversion Summary
============================================================
Total files processed:    316
Successfully converted:   283
Skipped (already exist):  33
Failed:                   0

Total original size:      75.7 MB
Total WebP size:          7.5 MB
Total space saved:        68.2 MB
Average reduction:        90.1%
